0 info it worked if it ends with ok
1 verbose cli [ 'C:\\Program Files\\nodejs\\node.exe',
1 verbose cli   'C:\\Program Files\\nodejs\\node_modules\\npm\\bin\\npm-cli.js',
1 verbose cli   'run',
1 verbose cli   'test' ]
2 info using npm@5.6.0
3 info using node@v8.11.2
4 verbose run-script [ 'pretest', 'test', 'posttest' ]
5 info lifecycle inbox@1.0.0~pretest: inbox@1.0.0
6 info lifecycle inbox@1.0.0~test: inbox@1.0.0
7 verbose lifecycle inbox@1.0.0~test: unsafe-perm in lifecycle true
8 verbose lifecycle inbox@1.0.0~test: PATH: C:\Program Files\nodejs\node_modules\npm\node_modules\npm-lifecycle\node-gyp-bin;D:\Blockchain\Ethereum\inbox\node_modules\.bin;C:\Program Files\Common Files\Microsoft Shared\Windows Live;C:\Program Files (x86)\Common Files\Microsoft Shared\Windows Live;C:\Program Files (x86)\TRICENTIS\Tosca Testsuite;C:\Tosca_Projects;C:\Program Files (x86)\TRICENTIS\Tosca Testsuite\dll;C:\Program Files (x86)\TRICENTIS\Tosca Testsuite\dll\GuptaEngine;C:\Program Files (x86)\TRICENTIS\Tosca Testsuite\;C:\Program Files (x86)\TRICENTIS\Tosca Testsuite\dll\DelphiEngine;C:\Program Files (x86)\TRICENTIS\Tosca Testsuite\dll\PBEngine;C:\Program Files (x86)\TRICENTIS\Tosca Testsuite\dll\VBEngine;C:\Program Files (x86)\TRICENTIS\Tosca Testsuite\dll\DotNetHooking;;C:\Program Files (x86)\TRICENTIS\Tosca Testsuite\Resources\Mobile\Tools;C:\Program Files (x86)\Common Files\Oracle\Java\javapath;C:\ProgramData\Oracle\Java\javapath;C:\windows\system32;C:\windows;C:\windows\System32\Wbem;C:\windows\System32\WindowsPowerShell\v1.0\;%JAVA_HOME%\bin;%MAVEN_HOME%\bin;C:\Program Files (x86)\Windows Live\Shared;C:\Program Files\Git\cmd;C:\Program Files\nodejs\;C:\Program Files\Geth;C:\Program Files\dotnet\;C:\Program Files\Microsoft SQL Server\130\Tools\Binn\;C:\Users\dharmendra2.singh\AppData\Roaming\npm;C:\Program Files\Microsoft VS Code\bin;D:\Software\solidity-windows\solc.exe
9 verbose lifecycle inbox@1.0.0~test: CWD: D:\Blockchain\Ethereum\inbox
10 silly lifecycle inbox@1.0.0~test: Args: [ '/d /s /c', 'mocha' ]
11 silly lifecycle inbox@1.0.0~test: Returned: code: 7  signal: null
12 info lifecycle inbox@1.0.0~test: Failed to exec test script
13 verbose stack Error: inbox@1.0.0 test: `mocha`
13 verbose stack Exit status 7
13 verbose stack     at EventEmitter.<anonymous> (C:\Program Files\nodejs\node_modules\npm\node_modules\npm-lifecycle\index.js:285:16)
13 verbose stack     at emitTwo (events.js:126:13)
13 verbose stack     at EventEmitter.emit (events.js:214:7)
13 verbose stack     at ChildProcess.<anonymous> (C:\Program Files\nodejs\node_modules\npm\node_modules\npm-lifecycle\lib\spawn.js:55:14)
13 verbose stack     at emitTwo (events.js:126:13)
13 verbose stack     at ChildProcess.emit (events.js:214:7)
13 verbose stack     at maybeClose (internal/child_process.js:925:16)
13 verbose stack     at Process.ChildProcess._handle.onexit (internal/child_process.js:209:5)
14 verbose pkgid inbox@1.0.0
15 verbose cwd D:\Blockchain\Ethereum\inbox
16 verbose Windows_NT 6.1.7601
17 verbose argv "C:\\Program Files\\nodejs\\node.exe" "C:\\Program Files\\nodejs\\node_modules\\npm\\bin\\npm-cli.js" "run" "test"
18 verbose node v8.11.2
19 verbose npm  v5.6.0
20 error code ELIFECYCLE
21 error errno 7
22 error inbox@1.0.0 test: `mocha`
22 error Exit status 7
23 error Failed at the inbox@1.0.0 test script.
23 error This is probably not a problem with npm. There is likely additional logging output above.
24 verbose exit [ 7, true ]
